[2021-02-16 18:07:01] local.EMERGENCY: array (
  'user' => '255755003637',
  'Request' => 
  array (
    'CompanyName' => 'Vodashop  Sumbawanga',
    'CompanyEmail' => 'email@abc.com',
    'Category' => 'INST',
    'UserID' => 297,
    'MARITALSTATUS' => 'SINGLE',
    'PHONENUMBER' => '0719997772',
    'NATIONALITY' => 'TANZANIAN',
    'BIRTHCERTIFICATENO' => '',
    'BIRTHWARD' => 'KIJITONYAMA',
    'BIRTHDISTRICT' => 'KINONDONI',
    'BIRTHREGION' => 'DAR ES SALAAM (KINONDONI)',
    'BIRTHCOUNTRY' => 'DAR ES SALAAM (KINONDONI)',
    'RESIDENTPOSTCODE' => '14122',
    'RESIDENTPOSTALADDRESS' => '',
    'RESIDENTSTREET' => 'MTONGANI',
    'RESIDENTHOUSENO' => 'KUN MTN 509',
    'RESIDENTVILLAGE' => 'Mtongani',
    'RESIDENTWARD' => 'KUNDUCHI',
    'RESIDENTDISTRICT' => 'KINONDONI',
    'RESIDENTREGION' => 'DAR ES SALAAM (KINONDONI)',
    'DATEOFBIRTH' => '1986-09-20T00:00:00',
    'SEX' => 'MALE',
    'OTHERNAMES' => '',
    'SURNAME' => 'MGWENO',
    'MIDDLENAME' => 'GASPAR',
    'FIRSTNAME' => 'CHIJENGA',
    'NIN' => '19860920141220000221',
    'ID' => '2021021614335785319042641175',
    'Time' => '20210216143358',
    'Tin' => NULL,
    'BusinessLicenseNo' => NULL,
    'SpocPhone' => '255754711502',
    'SpocEmail' => 'test@email.com',
    'VillageID' => '3168',
    'ReasonCode' => '1003',
    'TinRegDate' => NULL,
    'CertOfIncorporationDate' => NULL,
    'CertOfRegDate' => NULL,
    'companyRegDate' => NULL,
    'CertOfIncorporationNO' => NULL,
    'CertOfRegNO' => NULL,
  ),
  'Response' => 
  array (
    'RefID' => NULL,
    'responseCode' => NULL,
    'responseDescription' => NULL,
    'RequestStatusCode' => 9999,
    'RequestStatus' => 'Value cannot be null.
Parameter name: s',
  ),
)  
[2021-02-16 18:09:07] local.EMERGENCY: array (
  'user' => '255755003637',
  'Request' => 
  array (
    'CompanyName' => 'Vodashop  Sumbawanga',
    'CompanyEmail' => 'email@abc.com',
    'Category' => 'INST',
    'UserID' => 297,
    'MARITALSTATUS' => 'SINGLE',
    'PHONENUMBER' => '0719997772',
    'NATIONALITY' => 'TANZANIAN',
    'BIRTHCERTIFICATENO' => '',
    'BIRTHWARD' => 'KIJITONYAMA',
    'BIRTHDISTRICT' => 'KINONDONI',
    'BIRTHREGION' => 'DAR ES SALAAM (KINONDONI)',
    'BIRTHCOUNTRY' => 'DAR ES SALAAM (KINONDONI)',
    'RESIDENTPOSTCODE' => '14122',
    'RESIDENTPOSTALADDRESS' => '',
    'RESIDENTSTREET' => 'MTONGANI',
    'RESIDENTHOUSENO' => 'KUN MTN 509',
    'RESIDENTVILLAGE' => 'Mtongani',
    'RESIDENTWARD' => 'KUNDUCHI',
    'RESIDENTDISTRICT' => 'KINONDONI',
    'RESIDENTREGION' => 'DAR ES SALAAM (KINONDONI)',
    'DATEOFBIRTH' => '1986-09-20T00:00:00',
    'SEX' => 'MALE',
    'OTHERNAMES' => '',
    'SURNAME' => 'MGWENO',
    'MIDDLENAME' => 'GASPAR',
    'FIRSTNAME' => 'CHIJENGA',
    'NIN' => '19860920141220000221',
    'ID' => '2021021614335785319042641175',
    'Time' => '20210216143358',
    'Tin' => NULL,
    'BusinessLicenseNo' => NULL,
    'SpocPhone' => '255754711502',
    'SpocEmail' => 'test@email.com',
    'VillageID' => '3168',
    'ReasonCode' => '1003',
    'TinRegDate' => NULL,
    'CertOfIncorporationDate' => NULL,
    'CertOfRegDate' => NULL,
    'companyRegDate' => NULL,
    'CertOfIncorporationNO' => NULL,
    'CertOfRegNO' => NULL,
  ),
  'Response' => 
  array (
    'RefID' => NULL,
    'responseCode' => NULL,
    'responseDescription' => NULL,
    'RequestStatusCode' => 9999,
    'RequestStatus' => 'Value cannot be null.
Parameter name: s',
  ),
)  
